mobile-client/android/app/build/intermediates/manifest_merge_blame_file/debug/manifest-merger-blame-debug-report.txt
1<?xml version="1.0" encoding="utf-8"?>
2<manifest xmlns:android="http://schemas.android.com/apk/res/android"
3    package="com.comicscrip.mobileclient"
4    android:versionCode="1"
5    android:versionName="1.0.0" >
6
7    <uses-sdk
8        android:minSdkVersion="21"
9        android:targetSdkVersion="33" />
10
11    <uses-permission android:name="android.permission.SYSTEM_ALERT_WINDOW" />
11-->src/main/AndroidManifest.xml:4:3-75
11-->src/main/AndroidManifest.xml:4:20-73
12    <uses-permission android:name="android.permission.INTERNET" />
12-->src/main/AndroidManifest.xml:2:3-64
12-->src/main/AndroidManifest.xml:2:20-62
13    <uses-permission android:name="android.permission.READ_EXTERNAL_STORAGE" />
13-->src/main/AndroidManifest.xml:3:3-77
13-->src/main/AndroidManifest.xml:3:20-75
14    <uses-permission android:name="android.permission.VIBRATE" />
14-->src/main/AndroidManifest.xml:5:3-63
14-->src/main/AndroidManifest.xml:5:20-61
15    <uses-permission android:name="android.permission.WRITE_EXTERNAL_STORAGE" />
15-->src/main/AndroidManifest.xml:6:3-78
15-->src/main/AndroidManifest.xml:6:20-76
16
17    <queries>
17-->src/main/AndroidManifest.xml:7:3-13:13
18        <intent>
18-->src/main/AndroidManifest.xml:8:5-12:14
19            <action android:name="android.intent.action.VIEW" />
19-->src/main/AndroidManifest.xml:9:7-58
19-->src/main/AndroidManifest.xml:9:15-56
20
21            <category android:name="android.intent.category.BROWSABLE" />
21-->src/main/AndroidManifest.xml:10:7-67
21-->src/main/AndroidManifest.xml:10:17-65
22
23            <data android:scheme="https" />
23-->src/main/AndroidManifest.xml:11:7-37
23-->src/main/AndroidManifest.xml:11:13-35
24        </intent>
25
26        <package android:name="host.exp.exponent" /> <!-- Query open documents -->
26-->[:expo-dev-launcher] AndroidManifest.xml:8:9-53
26-->[:expo-dev-launcher] AndroidManifest.xml:8:18-50
27        <intent>
27-->[:expo-file-system] AndroidManifest.xml:15:9-17:18
28            <action android:name="android.intent.action.OPEN_DOCUMENT_TREE" />
28-->[:expo-file-system] AndroidManifest.xml:16:13-79
28-->[:expo-file-system] AndroidManifest.xml:16:21-76
29        </intent>
30    </queries>
31
32    <uses-permission android:name="android.permission.ACCESS_WIFI_STATE" />
32-->[com.facebook.flipper:flipper:0.125.0] AndroidManifest.xml:16:5-76
32-->[com.facebook.flipper:flipper:0.125.0] AndroidManifest.xml:16:22-73
33    <uses-permission android:name="android.permission.RECEIVE_BOOT_COMPLETED" />
33-->[:expo-notifications] AndroidManifest.xml:7:5-81
33-->[:expo-notifications] AndroidManifest.xml:7:22-78
34    <uses-permission android:name="android.permission.POST_NOTIFICATIONS" />
34-->[:expo-notifications] AndroidManifest.xml:8:5-77
34-->[:expo-notifications] AndroidManifest.xml:8:22-74
35    <uses-permission android:name="android.permission.USE_BIOMETRIC" /> <!-- suppress DeprecatedClassUsageInspection -->
35-->[androidx.biometric:biometric:1.1.0] AndroidManifest.xml:24:5-72
35-->[androidx.biometric:biometric:1.1.0] AndroidManifest.xml:24:22-69
36    <uses-permission android:name="android.permission.USE_FINGERPRINT" />
36-->[androidx.biometric:biometric:1.1.0] AndroidManifest.xml:27:5-74
36-->[androidx.biometric:biometric:1.1.0] AndroidManifest.xml:27:22-71
37    <uses-permission android:name="android.permission.ACCESS_NETWORK_STATE" />
37-->[com.google.firebase:firebase-messaging:22.0.0] AndroidManifest.xml:22:5-79
37-->[com.google.firebase:firebase-messaging:22.0.0] AndroidManifest.xml:22:22-76
38    <uses-permission android:name="android.permission.WAKE_LOCK" /> <!-- Required by older versions of Google Play services to create IID tokens -->
38-->[com.google.firebase:firebase-messaging:22.0.0] AndroidManifest.xml:23:5-68
38-->[com.google.firebase:firebase-messaging:22.0.0] AndroidManifest.xml:23:22-65
39    <uses-permission android:name="com.google.android.c2dm.permission.RECEIVE" />
39-->[com.google.firebase:firebase-messaging:22.0.0] AndroidManifest.xml:25:5-82
39-->[com.google.firebase:firebase-messaging:22.0.0] AndroidManifest.xml:25:22-79
40    <uses-permission android:name="com.google.android.finsky.permission.BIND_GET_INSTALL_REFERRER_SERVICE" /> <!-- for android -->
40-->[com.android.installreferrer:installreferrer:1.0] AndroidManifest.xml:9:5-110
40-->[com.android.installreferrer:installreferrer:1.0] AndroidManifest.xml:9:22-107
41    <!-- <uses-permission android:name="com.android.launcher.permission.READ_SETTINGS"/> -->
42    <!-- <uses-permission android:name="com.android.launcher.permission.WRITE_SETTINGS"/> -->
43    <!-- <uses-permission android:name="com.android.launcher.permission.INSTALL_SHORTCUT" /> -->
44    <!-- <uses-permission android:name="com.android.launcher.permission.UNINSTALL_SHORTCUT" /> -->
45    <!-- for Samsung -->
46    <uses-permission android:name="com.sec.android.provider.badge.permission.READ" />
46-->[me.leolin:ShortcutBadger:1.1.22] AndroidManifest.xml:19:5-86
46-->[me.leolin:ShortcutBadger:1.1.22] AndroidManifest.xml:19:22-83
47    <uses-permission android:name="com.sec.android.provider.badge.permission.WRITE" /> <!-- for htc -->
47-->[me.leolin:ShortcutBadger:1.1.22] AndroidManifest.xml:20:5-87
47-->[me.leolin:ShortcutBadger:1.1.22] AndroidManifest.xml:20:22-84
48    <uses-permission android:name="com.htc.launcher.permission.READ_SETTINGS" />
48-->[me.leolin:ShortcutBadger:1.1.22] AndroidManifest.xml:23:5-81
48-->[me.leolin:ShortcutBadger:1.1.22] AndroidManifest.xml:23:22-78
49    <uses-permission android:name="com.htc.launcher.permission.UPDATE_SHORTCUT" /> <!-- for sony -->
49-->[me.leolin:ShortcutBadger:1.1.22] AndroidManifest.xml:24:5-83
49-->[me.leolin:ShortcutBadger:1.1.22] AndroidManifest.xml:24:22-80
50    <uses-permission android:name="com.sonyericsson.home.permission.BROADCAST_BADGE" />
50-->[me.leolin:ShortcutBadger:1.1.22] AndroidManifest.xml:27:5-88
50-->[me.leolin:ShortcutBadger:1.1.22] AndroidManifest.xml:27:22-85
51    <uses-permission android:name="com.sonymobile.home.permission.PROVIDER_INSERT_BADGE" /> <!-- for apex -->
51-->[me.leolin:ShortcutBadger:1.1.22] AndroidManifest.xml:28:5-92
51-->[me.leolin:ShortcutBadger:1.1.22] AndroidManifest.xml:28:22-89
52    <uses-permission android:name="com.anddoes.launcher.permission.UPDATE_COUNT" /> <!-- for solid -->
52-->[me.leolin:ShortcutBadger:1.1.22] AndroidManifest.xml:31:5-84
52-->[me.leolin:ShortcutBadger:1.1.22] AndroidManifest.xml:31:22-81
53    <uses-permission android:name="com.majeur.launcher.permission.UPDATE_BADGE" /> <!-- for huawei -->
53-->[me.leolin:ShortcutBadger:1.1.22] AndroidManifest.xml:34:5-83
53-->[me.leolin:ShortcutBadger:1.1.22] AndroidManifest.xml:34:22-80
54    <uses-permission android:name="com.huawei.android.launcher.permission.CHANGE_BADGE" />
54-->[me.leolin:ShortcutBadger:1.1.22] AndroidManifest.xml:37:5-91
54-->[me.leolin:ShortcutBadger:1.1.22] AndroidManifest.xml:37:22-88
55    <uses-permission android:name="com.huawei.android.launcher.permission.READ_SETTINGS" />
55-->[me.leolin:ShortcutBadger:1.1.22] AndroidManifest.xml:38:5-92
55-->[me.leolin:ShortcutBadger:1.1.22] AndroidManifest.xml:38:22-89
56    <uses-permission android:name="com.huawei.android.launcher.permission.WRITE_SETTINGS" /> <!-- for ZUK -->
56-->[me.leolin:ShortcutBadger:1.1.22] AndroidManifest.xml:39:5-93
56-->[me.leolin:ShortcutBadger:1.1.22] AndroidManifest.xml:39:22-90
57    <uses-permission android:name="android.permission.READ_APP_BADGE" /> <!-- for OPPO -->
57-->[me.leolin:ShortcutBadger:1.1.22] AndroidManifest.xml:42:5-73
57-->[me.leolin:ShortcutBadger:1.1.22] AndroidManifest.xml:42:22-70
58    <uses-permission android:name="com.oppo.launcher.permission.READ_SETTINGS" />
58-->[me.leolin:ShortcutBadger:1.1.22] AndroidManifest.xml:45:5-82
58-->[me.leolin:ShortcutBadger:1.1.22] AndroidManifest.xml:45:22-79
59    <uses-permission android:name="com.oppo.launcher.permission.WRITE_SETTINGS" /> <!-- for EvMe -->
59-->[me.leolin:ShortcutBadger:1.1.22] AndroidManifest.xml:46:5-83
59-->[me.leolin:ShortcutBadger:1.1.22] AndroidManifest.xml:46:22-80
60    <uses-permission android:name="me.everything.badger.permission.BADGE_COUNT_READ" />
60-->[me.leolin:ShortcutBadger:1.1.22] AndroidManifest.xml:49:5-88
60-->[me.leolin:ShortcutBadger:1.1.22] AndroidManifest.xml:49:22-85
61    <uses-permission android:name="me.everything.badger.permission.BADGE_COUNT_WRITE" />
61-->[me.leolin:ShortcutBadger:1.1.22] AndroidManifest.xml:50:5-89
61-->[me.leolin:ShortcutBadger:1.1.22] AndroidManifest.xml:50:22-86
62
63    <application
63-->src/main/AndroidManifest.xml:14:3-34:17
64        android:name="com.comicscrip.mobileclient.MainApplication"
64-->src/main/AndroidManifest.xml:14:16-47
65        android:allowBackup="true"
65-->src/main/AndroidManifest.xml:14:162-188
66        android:appComponentFactory="androidx.core.app.CoreComponentFactory"
66-->[androidx.core:core:1.7.0] AndroidManifest.xml:24:18-86
67        android:debuggable="true"
68        android:icon="@mipmap/ic_launcher"
68-->src/main/AndroidManifest.xml:14:81-115
69        android:label="@string/app_name"
69-->src/main/AndroidManifest.xml:14:48-80
70        android:roundIcon="@mipmap/ic_launcher_round"
70-->src/main/AndroidManifest.xml:14:116-161
71        android:theme="@style/AppTheme"
71-->src/main/AndroidManifest.xml:14:189-220
72        android:usesCleartextTraffic="true" >
72-->src/main/AndroidManifest.xml:14:221-256
73        <meta-data
73-->src/main/AndroidManifest.xml:15:5-82
74            android:name="expo.modules.updates.ENABLED"
74-->src/main/AndroidManifest.xml:15:16-59
75            android:value="true" />
75-->src/main/AndroidManifest.xml:15:60-80
76        <meta-data
76-->src/main/AndroidManifest.xml:16:5-93
77            android:name="expo.modules.updates.EXPO_SDK_VERSION"
77-->src/main/AndroidManifest.xml:16:16-68
78            android:value="48.0.0" />
78-->src/main/AndroidManifest.xml:16:69-91
79        <meta-data
79-->src/main/AndroidManifest.xml:17:5-105
80            android:name="expo.modules.updates.EXPO_UPDATES_CHECK_ON_LAUNCH"
80-->src/main/AndroidManifest.xml:17:16-80
81            android:value="ALWAYS" />
81-->src/main/AndroidManifest.xml:17:81-103
82        <meta-data
82-->src/main/AndroidManifest.xml:18:5-99
83            android:name="expo.modules.updates.EXPO_UPDATES_LAUNCH_WAIT_MS"
83-->src/main/AndroidManifest.xml:18:16-79
84            android:value="0" />
84-->src/main/AndroidManifest.xml:18:80-97
85        <meta-data
85-->src/main/AndroidManifest.xml:19:5-128
86            android:name="expo.modules.updates.EXPO_UPDATE_URL"
86-->src/main/AndroidManifest.xml:19:16-67
87            android:value="https://exp.host/@comicscrip/mobile-client" />
87-->src/main/AndroidManifest.xml:19:68-126
88
89        <activity
89-->src/main/AndroidManifest.xml:20:5-32:16
90            android:name="com.comicscrip.mobileclient.MainActivity"
90-->src/main/AndroidManifest.xml:20:15-43
91            android:configChanges="keyboard|keyboardHidden|orientation|screenSize|uiMode"
91-->src/main/AndroidManifest.xml:20:77-154
92            android:exported="true"
92-->src/main/AndroidManifest.xml:20:276-299
93            android:label="@string/app_name"
93-->src/main/AndroidManifest.xml:20:44-76
94            android:launchMode="singleTask"
94-->src/main/AndroidManifest.xml:20:155-186
95            android:screenOrientation="portrait"
95-->src/main/AndroidManifest.xml:20:300-336
96            android:theme="@style/Theme.App.SplashScreen"
96-->src/main/AndroidManifest.xml:20:230-275
97            android:windowSoftInputMode="adjustResize" >
97-->src/main/AndroidManifest.xml:20:187-229
98            <intent-filter>
98-->src/main/AndroidManifest.xml:21:7-24:23
99                <action android:name="android.intent.action.MAIN" />
99-->src/main/AndroidManifest.xml:22:9-60
99-->src/main/AndroidManifest.xml:22:17-58
100
101                <category android:name="android.intent.category.LAUNCHER" />
101-->src/main/AndroidManifest.xml:23:9-68
101-->src/main/AndroidManifest.xml:23:19-66
102            </intent-filter>
103            <intent-filter>
103-->src/main/AndroidManifest.xml:25:7-31:23
104                <action android:name="android.intent.action.VIEW" />
104-->src/main/AndroidManifest.xml:9:7-58
104-->src/main/AndroidManifest.xml:9:15-56
105
106                <category android:name="android.intent.category.DEFAULT" />
106-->src/main/AndroidManifest.xml:27:9-67
106-->src/main/AndroidManifest.xml:27:19-65
107                <category android:name="android.intent.category.BROWSABLE" />
107-->src/main/AndroidManifest.xml:10:7-67
107-->src/main/AndroidManifest.xml:10:17-65
108
109                <data android:scheme="com.comicscrip.mobileclient" />
109-->src/main/AndroidManifest.xml:11:7-37
109-->src/main/AndroidManifest.xml:11:13-35
110                <data android:scheme="exp+mobile-client" />
110-->src/main/AndroidManifest.xml:11:7-37
110-->src/main/AndroidManifest.xml:11:13-35
111            </intent-filter>
112        </activity>
113        <activity
113-->src/main/AndroidManifest.xml:33:5-106
114            android:name="com.facebook.react.devsupport.DevSettingsActivity"
114-->src/main/AndroidManifest.xml:33:15-79
115            android:exported="false" />
115-->src/main/AndroidManifest.xml:33:80-104
116
117        <meta-data
117-->[:expo-dev-launcher] AndroidManifest.xml:12:9-14:37
118            android:name="expo.modules.updates.AUTO_SETUP"
118-->[:expo-dev-launcher] AndroidManifest.xml:13:13-59
119            android:value="false" />
119-->[:expo-dev-launcher] AndroidManifest.xml:14:13-34
120
121        <activity
121-->[:expo-dev-launcher] AndroidManifest.xml:16:9-29:20
122            android:name="expo.modules.devlauncher.launcher.DevLauncherActivity"
122-->[:expo-dev-launcher] AndroidManifest.xml:17:13-81
123            android:exported="true"
123-->[:expo-dev-launcher] AndroidManifest.xml:18:13-36
124            android:launchMode="singleTask"
124-->[:expo-dev-launcher] AndroidManifest.xml:19:13-44
125            android:theme="@style/Theme.DevLauncher.LauncherActivity" >
125-->[:expo-dev-launcher] AndroidManifest.xml:20:13-70
126            <intent-filter>
126-->[:expo-dev-launcher] AndroidManifest.xml:21:13-28:29
127                <action android:name="android.intent.action.VIEW" />
127-->src/main/AndroidManifest.xml:9:7-58
127-->src/main/AndroidManifest.xml:9:15-56
128
129                <category android:name="android.intent.category.DEFAULT" />
129-->src/main/AndroidManifest.xml:27:9-67
129-->src/main/AndroidManifest.xml:27:19-65
130                <category android:name="android.intent.category.BROWSABLE" />
130-->src/main/AndroidManifest.xml:10:7-67
130-->src/main/AndroidManifest.xml:10:17-65
131
132                <data android:scheme="expo-dev-launcher" />
132-->src/main/AndroidManifest.xml:11:7-37
132-->src/main/AndroidManifest.xml:11:13-35
133            </intent-filter>
134        </activity>
135        <activity
135-->[:expo-dev-launcher] AndroidManifest.xml:30:9-33:70
136            android:name="expo.modules.devlauncher.launcher.errors.DevLauncherErrorActivity"
136-->[:expo-dev-launcher] AndroidManifest.xml:31:13-93
137            android:screenOrientation="portrait"
137-->[:expo-dev-launcher] AndroidManifest.xml:32:13-49
138            android:theme="@style/Theme.DevLauncher.ErrorActivity" />
138-->[:expo-dev-launcher] AndroidManifest.xml:33:13-67
139        <activity
139-->[:expo-dev-menu] AndroidManifest.xml:8:9-21:20
140            android:name="expo.modules.devmenu.DevMenuActivity"
140-->[:expo-dev-menu] AndroidManifest.xml:9:13-64
141            android:exported="true"
141-->[:expo-dev-menu] AndroidManifest.xml:10:13-36
142            android:launchMode="singleTask"
142-->[:expo-dev-menu] AndroidManifest.xml:11:13-44
143            android:theme="@style/Theme.AppCompat.Transparent.NoActionBar" >
143-->[:expo-dev-menu] AndroidManifest.xml:12:13-75
144            <intent-filter>
144-->[:expo-dev-menu] AndroidManifest.xml:13:13-20:29
145                <action android:name="android.intent.action.VIEW" />
145-->src/main/AndroidManifest.xml:9:7-58
145-->src/main/AndroidManifest.xml:9:15-56
146
147                <category android:name="android.intent.category.DEFAULT" />
147-->src/main/AndroidManifest.xml:27:9-67
147-->src/main/AndroidManifest.xml:27:19-65
148                <category android:name="android.intent.category.BROWSABLE" />
148-->src/main/AndroidManifest.xml:10:7-67
148-->src/main/AndroidManifest.xml:10:17-65
149
150                <data android:scheme="expo-dev-menu" />
150-->src/main/AndroidManifest.xml:11:7-37
150-->src/main/AndroidManifest.xml:11:13-35
151            </intent-filter>
152        </activity>
153
154        <provider
154-->[:expo-file-system] AndroidManifest.xml:21:9-30:20
155            android:name="expo.modules.filesystem.FileSystemFileProvider"
155-->[:expo-file-system] AndroidManifest.xml:22:13-74
156            android:authorities="com.comicscrip.mobileclient.FileSystemFileProvider"
156-->[:expo-file-system] AndroidManifest.xml:23:13-74
157            android:exported="false"
157-->[:expo-file-system] AndroidManifest.xml:24:13-37
158            android:grantUriPermissions="true" >
158-->[:expo-file-system] AndroidManifest.xml:25:13-47
159            <meta-data
159-->[:expo-file-system] AndroidManifest.xml:27:13-29:70
160                android:name="android.support.FILE_PROVIDER_PATHS"
160-->[:expo-file-system] AndroidManifest.xml:28:17-67
161                android:resource="@xml/file_system_provider_paths" />
161-->[:expo-file-system] AndroidManifest.xml:29:17-67
162        </provider>
163
164        <service
164-->[:expo-notifications] AndroidManifest.xml:11:9-17:19
165            android:name="expo.modules.notifications.service.ExpoFirebaseMessagingService"
165-->[:expo-notifications] AndroidManifest.xml:12:13-91
166            android:exported="false" >
166-->[:expo-notifications] AndroidManifest.xml:13:13-37
167            <intent-filter android:priority="-1" >
167-->[:expo-notifications] AndroidManifest.xml:14:13-16:29
167-->[:expo-notifications] AndroidManifest.xml:14:28-49
168                <action android:name="com.google.firebase.MESSAGING_EVENT" />
168-->[:expo-notifications] AndroidManifest.xml:15:17-78
168-->[:expo-notifications] AndroidManifest.xml:15:25-75
169            </intent-filter>
170        </service>
171
172        <receiver
172-->[:expo-notifications] AndroidManifest.xml:19:9-31:20
173            android:name="expo.modules.notifications.service.NotificationsService"
173-->[:expo-notifications] AndroidManifest.xml:20:13-83
174            android:enabled="true"
174-->[:expo-notifications] AndroidManifest.xml:21:13-35
175            android:exported="false" >
175-->[:expo-notifications] AndroidManifest.xml:22:13-37
176            <intent-filter android:priority="-1" >
176-->[:expo-notifications] AndroidManifest.xml:23:13-30:29
176-->[:expo-notifications] AndroidManifest.xml:23:28-49
177                <action android:name="expo.modules.notifications.NOTIFICATION_EVENT" />
177-->[:expo-notifications] AndroidManifest.xml:24:17-88
177-->[:expo-notifications] AndroidManifest.xml:24:25-85
178                <action android:name="android.intent.action.BOOT_COMPLETED" />
178-->[:expo-notifications] AndroidManifest.xml:25:17-79
178-->[:expo-notifications] AndroidManifest.xml:25:25-76
179                <action android:name="android.intent.action.REBOOT" />
179-->[:expo-notifications] AndroidManifest.xml:26:17-71
179-->[:expo-notifications] AndroidManifest.xml:26:25-68
180                <action android:name="android.intent.action.QUICKBOOT_POWERON" />
180-->[:expo-notifications] AndroidManifest.xml:27:17-82
180-->[:expo-notifications] AndroidManifest.xml:27:25-79
181                <action android:name="com.htc.intent.action.QUICKBOOT_POWERON" />
181-->[:expo-notifications] AndroidManifest.xml:28:17-82
181-->[:expo-notifications] AndroidManifest.xml:28:25-79
182                <action android:name="android.intent.action.MY_PACKAGE_REPLACED" />
182-->[:expo-notifications] AndroidManifest.xml:29:17-84
182-->[:expo-notifications] AndroidManifest.xml:29:25-81
183            </intent-filter>
184        </receiver>
185
186        <activity
186-->[:expo-notifications] AndroidManifest.xml:33:9-40:75
187            android:name="expo.modules.notifications.service.NotificationForwarderActivity"
187-->[:expo-notifications] AndroidManifest.xml:34:13-92
188            android:excludeFromRecents="true"
188-->[:expo-notifications] AndroidManifest.xml:35:13-46
189            android:exported="false"
189-->[:expo-notifications] AndroidManifest.xml:36:13-37
190            android:launchMode="standard"
190-->[:expo-notifications] AndroidManifest.xml:37:13-42
191            android:noHistory="true"
191-->[:expo-notifications] AndroidManifest.xml:38:13-37
192            android:taskAffinity=""
192-->[:expo-notifications] AndroidManifest.xml:39:13-36
193            android:theme="@android:style/Theme.Translucent.NoTitleBar" />
193-->[:expo-notifications] AndroidManifest.xml:40:13-72
194
195        <meta-data
195-->[:expo-modules-core] AndroidManifest.xml:8:9-10:89
196            android:name="org.unimodules.core.AppLoader#react-native-headless"
196-->[:expo-modules-core] AndroidManifest.xml:9:13-79
197            android:value="expo.modules.adapters.react.apploader.RNHeadlessAppLoader" />
197-->[:expo-modules-core] AndroidManifest.xml:10:13-86
198
199        <provider
199-->[androidx.emoji2:emoji2:1.0.0] AndroidManifest.xml:26:9-34:20
200            android:name="androidx.startup.InitializationProvider"
200-->[androidx.emoji2:emoji2:1.0.0] AndroidManifest.xml:27:13-67
201            android:authorities="com.comicscrip.mobileclient.androidx-startup"
201-->[androidx.emoji2:emoji2:1.0.0] AndroidManifest.xml:28:13-68
202            android:exported="false" >
202-->[androidx.emoji2:emoji2:1.0.0] AndroidManifest.xml:29:13-37
203            <meta-data
203-->[androidx.emoji2:emoji2:1.0.0] AndroidManifest.xml:31:13-33:52
204                android:name="androidx.emoji2.text.EmojiCompatInitializer"
204-->[androidx.emoji2:emoji2:1.0.0] AndroidManifest.xml:32:17-75
205                android:value="androidx.startup" />
205-->[androidx.emoji2:emoji2:1.0.0] AndroidManifest.xml:33:17-49
206            <meta-data
206-->[androidx.lifecycle:lifecycle-process:2.4.0] AndroidManifest.xml:31:13-33:52
207                android:name="androidx.lifecycle.ProcessLifecycleInitializer"
207-->[androidx.lifecycle:lifecycle-process:2.4.0] AndroidManifest.xml:32:17-78
208                android:value="androidx.startup" />
208-->[androidx.lifecycle:lifecycle-process:2.4.0] AndroidManifest.xml:33:17-49
209        </provider>
210
211        <receiver
211-->[com.google.firebase:firebase-messaging:22.0.0] AndroidManifest.xml:28:9-35:20
212            android:name="com.google.firebase.iid.FirebaseInstanceIdReceiver"
212-->[com.google.firebase:firebase-messaging:22.0.0] AndroidManifest.xml:29:13-78
213            android:exported="true"
213-->[com.google.firebase:firebase-messaging:22.0.0] AndroidManifest.xml:30:13-36
214            android:permission="com.google.android.c2dm.permission.SEND" >
214-->[com.google.firebase:firebase-messaging:22.0.0] AndroidManifest.xml:31:13-73
215            <intent-filter>
215-->[com.google.firebase:firebase-messaging:22.0.0] AndroidManifest.xml:32:13-34:29
216                <action android:name="com.google.android.c2dm.intent.RECEIVE" />
216-->[com.google.firebase:firebase-messaging:22.0.0] AndroidManifest.xml:33:17-81
216-->[com.google.firebase:firebase-messaging:22.0.0] AndroidManifest.xml:33:25-78
217            </intent-filter>
218        </receiver>
219        <!--
220             FirebaseMessagingService performs security checks at runtime,
221             but set to not exported to explicitly avoid allowing another app to call it.
222        -->
223        <service
223-->[com.google.firebase:firebase-messaging:22.0.0] AndroidManifest.xml:41:9-48:19
224            android:name="com.google.firebase.messaging.FirebaseMessagingService"
224-->[com.google.firebase:firebase-messaging:22.0.0] AndroidManifest.xml:42:13-82
225            android:directBootAware="true"
225-->[com.google.firebase:firebase-messaging:22.0.0] AndroidManifest.xml:43:13-43
226            android:exported="false" >
226-->[com.google.firebase:firebase-messaging:22.0.0] AndroidManifest.xml:44:13-37
227            <intent-filter android:priority="-500" >
227-->[:expo-notifications] AndroidManifest.xml:14:13-16:29
227-->[:expo-notifications] AndroidManifest.xml:14:28-49
228                <action android:name="com.google.firebase.MESSAGING_EVENT" />
228-->[:expo-notifications] AndroidManifest.xml:15:17-78
228-->[:expo-notifications] AndroidManifest.xml:15:25-75
229            </intent-filter>
230        </service>
231        <service
231-->[com.google.firebase:firebase-messaging:22.0.0] AndroidManifest.xml:49:9-55:19
232            android:name="com.google.firebase.components.ComponentDiscoveryService"
232-->[com.google.firebase:firebase-messaging:22.0.0] AndroidManifest.xml:50:13-84
233            android:directBootAware="true"
233-->[com.google.firebase:firebase-common:20.0.0] AndroidManifest.xml:35:13-43
234            android:exported="false" >
234-->[com.google.firebase:firebase-messaging:22.0.0] AndroidManifest.xml:51:13-37
235            <meta-data
235-->[com.google.firebase:firebase-messaging:22.0.0] AndroidManifest.xml:52:13-54:85
236                android:name="com.google.firebase.components:com.google.firebase.messaging.FirebaseMessagingRegistrar"
236-->[com.google.firebase:firebase-messaging:22.0.0] AndroidManifest.xml:53:17-119
237                android:value="com.google.firebase.components.ComponentRegistrar" />
237-->[com.google.firebase:firebase-messaging:22.0.0] AndroidManifest.xml:54:17-82
238            <meta-data
238-->[com.google.firebase:firebase-datatransport:18.0.0] AndroidManifest.xml:28:13-30:85
239                android:name="com.google.firebase.components:com.google.firebase.datatransport.TransportRegistrar"
239-->[com.google.firebase:firebase-datatransport:18.0.0] AndroidManifest.xml:29:17-115
240                android:value="com.google.firebase.components.ComponentRegistrar" />
240-->[com.google.firebase:firebase-datatransport:18.0.0] AndroidManifest.xml:30:17-82
241            <meta-data
241-->[com.google.firebase:firebase-installations:17.0.0] AndroidManifest.xml:18:13-20:85
242                android:name="com.google.firebase.components:com.google.firebase.installations.FirebaseInstallationsRegistrar"
242-->[com.google.firebase:firebase-installations:17.0.0] AndroidManifest.xml:19:17-127
243                android:value="com.google.firebase.components.ComponentRegistrar" />
243-->[com.google.firebase:firebase-installations:17.0.0] AndroidManifest.xml:20:17-82
244        </service>
245
246        <provider
246-->[com.google.firebase:firebase-common:20.0.0] AndroidManifest.xml:26:9-31:39
247            android:name="com.google.firebase.provider.FirebaseInitProvider"
247-->[com.google.firebase:firebase-common:20.0.0] AndroidManifest.xml:27:13-77
248            android:authorities="com.comicscrip.mobileclient.firebaseinitprovider"
248-->[com.google.firebase:firebase-common:20.0.0] AndroidManifest.xml:28:13-72
249            android:directBootAware="true"
249-->[com.google.firebase:firebase-common:20.0.0] AndroidManifest.xml:29:13-43
250            android:exported="false"
250-->[com.google.firebase:firebase-common:20.0.0] AndroidManifest.xml:30:13-37
251            android:initOrder="100" />
251-->[com.google.firebase:firebase-common:20.0.0] AndroidManifest.xml:31:13-36
252
253        <meta-data
253-->[com.google.android.gms:play-services-basement:17.0.0] AndroidManifest.xml:23:9-25:69
254            android:name="com.google.android.gms.version"
254-->[com.google.android.gms:play-services-basement:17.0.0] AndroidManifest.xml:24:13-58
255            android:value="@integer/google_play_services_version" />
255-->[com.google.android.gms:play-services-basement:17.0.0] AndroidManifest.xml:25:13-66
256
257        <service
257-->[com.google.android.datatransport:transport-backend-cct:3.0.0] AndroidManifest.xml:29:9-35:19
258            android:name="com.google.android.datatransport.runtime.backends.TransportBackendDiscovery"
258-->[com.google.android.datatransport:transport-backend-cct:3.0.0] AndroidManifest.xml:30:13-103
259            android:exported="false" >
259-->[com.google.android.datatransport:transport-backend-cct:3.0.0] AndroidManifest.xml:31:13-37
260            <meta-data
260-->[com.google.android.datatransport:transport-backend-cct:3.0.0] AndroidManifest.xml:32:13-34:39
261                android:name="backend:com.google.android.datatransport.cct.CctBackendFactory"
261-->[com.google.android.datatransport:transport-backend-cct:3.0.0] AndroidManifest.xml:33:17-94
262                android:value="cct" />
262-->[com.google.android.datatransport:transport-backend-cct:3.0.0] AndroidManifest.xml:34:17-36
263        </service>
264        <service
264-->[com.google.android.datatransport:transport-runtime:3.0.0] AndroidManifest.xml:26:9-30:19
265            android:name="com.google.android.datatransport.runtime.scheduling.jobscheduling.JobInfoSchedulerService"
265-->[com.google.android.datatransport:transport-runtime:3.0.0] AndroidManifest.xml:27:13-117
266            android:exported="false"
266-->[com.google.android.datatransport:transport-runtime:3.0.0] AndroidManifest.xml:28:13-37
267            android:permission="android.permission.BIND_JOB_SERVICE" >
267-->[com.google.android.datatransport:transport-runtime:3.0.0] AndroidManifest.xml:29:13-69
268        </service>
269
270        <receiver
270-->[com.google.android.datatransport:transport-runtime:3.0.0] AndroidManifest.xml:32:9-34:40
271            android:name="com.google.android.datatransport.runtime.scheduling.jobscheduling.AlarmManagerSchedulerBroadcastReceiver"